21:59:38 DEBUG : Logs will be stored at 'C:/Users/wkk/Desktop/HuaWeiProject/PLCProject/02_zynq7020/ps/IDE.log'.
21:59:46 INFO  : Launching XSCT server: xsct.bat -n  -interactive C:\Users\wkk\Desktop\HuaWeiProject\PLCProject\02_zynq7020\ps\temp_xsdb_launch_script.tcl
21:59:46 INFO  : Registering command handlers for Vitis TCF services
21:59:47 INFO  : Platform repository initialization has completed.
21:59:52 INFO  : XSCT server has started successfully.
21:59:56 INFO  : Successfully done setting XSCT server connection channel  
21:59:56 INFO  : plnx-install-location is set to ''
21:59:56 INFO  : Successfully done query RDI_DATADIR 
21:59:56 INFO  : Successfully done setting workspace for the tool. 
22:04:26 INFO  : Result from executing command 'getProjects': zynq7020
22:04:26 INFO  : Result from executing command 'getPlatforms': xilinx_zcu102_base_202210_1|E:/software/Vivado2022.1/Vitis/2022.1/base_platforms/xilinx_zcu102_base_202210_1/xilinx_zcu102_base_202210_1.xpfm;xilinx_zcu102_base_dfx_202210_1|E:/software/Vivado2022.1/Vitis/2022.1/base_platforms/xilinx_zcu102_base_dfx_202210_1/xilinx_zcu102_base_dfx_202210_1.xpfm;xilinx_zcu104_base_202210_1|E:/software/Vivado2022.1/Vitis/2022.1/base_platforms/xilinx_zcu104_base_202210_1/xilinx_zcu104_base_202210_1.xpfm
22:11:33 INFO  : Result from executing command 'getProjects': zynq7020
22:11:33 INFO  : Result from executing command 'getPlatforms': xilinx_zcu102_base_202210_1|E:/software/Vivado2022.1/Vitis/2022.1/base_platforms/xilinx_zcu102_base_202210_1/xilinx_zcu102_base_202210_1.xpfm;xilinx_zcu102_base_dfx_202210_1|E:/software/Vivado2022.1/Vitis/2022.1/base_platforms/xilinx_zcu102_base_dfx_202210_1/xilinx_zcu102_base_dfx_202210_1.xpfm;xilinx_zcu104_base_202210_1|E:/software/Vivado2022.1/Vitis/2022.1/base_platforms/xilinx_zcu104_base_202210_1/xilinx_zcu104_base_202210_1.xpfm;zynq7020|C:/Users/wkk/Desktop/HuaWeiProject/PLCProject/02_zynq7020/ps/zynq7020/export/zynq7020/zynq7020.xpfm
22:11:34 INFO  : Checking for BSP changes to sync application flags for project 'SyncModule'...
22:12:54 INFO  : Connected to target on host '127.0.0.1' and port '3121'.
22:13:03 INFO  : ----------------XSDB Script----------------
connect -url tcp:127.0.0.1:3121
----------------End of Script----------------

22:13:03 ERROR : Could not find ARM device on the board for connection 'Local'.
Check if the target is in:
1. Split JTAG - No operations are possible with ARM DAP.
2. Non JTAG bootmode - Bootrom may need time to enable DAP.
Please try again.


Troubleshooting hints:
1. Check whether board is connected to system properly.
2. In case of zynq board, check whether Digilent/Xilinx cable switch settings are correct.
3. If you are using Xilinx Platform Cable USB, ensure that status LED is green.
22:13:44 INFO  : Connected to target on host '127.0.0.1' and port '3121'.
22:13:53 INFO  : ----------------XSDB Script----------------
connect -url tcp:127.0.0.1:3121
----------------End of Script----------------

22:13:53 ERROR : Could not find ARM device on the board for connection 'Local'.
Check if the target is in:
1. Split JTAG - No operations are possible with ARM DAP.
2. Non JTAG bootmode - Bootrom may need time to enable DAP.
Please try again.


Troubleshooting hints:
1. Check whether board is connected to system properly.
2. In case of zynq board, check whether Digilent/Xilinx cable switch settings are correct.
3. If you are using Xilinx Platform Cable USB, ensure that status LED is green.
22:14:43 INFO  : Connected to target on host '127.0.0.1' and port '3121'.
22:15:07 INFO  : ----------------XSDB Script----------------
connect -url tcp:127.0.0.1:3121
----------------End of Script----------------

22:15:07 ERROR : Could not find ARM device on the board for connection 'Local'.
Check if the target is in:
1. Split JTAG - No operations are possible with ARM DAP.
2. Non JTAG bootmode - Bootrom may need time to enable DAP.
Please try again.


Troubleshooting hints:
1. Check whether board is connected to system properly.
2. In case of zynq board, check whether Digilent/Xilinx cable switch settings are correct.
3. If you are using Xilinx Platform Cable USB, ensure that status LED is green.
22:15:29 INFO  : Connected to target on host '127.0.0.1' and port '3121'.
22:15:38 INFO  : ----------------XSDB Script----------------
connect -url tcp:127.0.0.1:3121
----------------End of Script----------------

22:15:38 ERROR : Could not find ARM device on the board for connection 'Local'.
Check if the target is in:
1. Split JTAG - No operations are possible with ARM DAP.
2. Non JTAG bootmode - Bootrom may need time to enable DAP.
Please try again.


Troubleshooting hints:
1. Check whether board is connected to system properly.
2. In case of zynq board, check whether Digilent/Xilinx cable switch settings are correct.
3. If you are using Xilinx Platform Cable USB, ensure that status LED is green.
22:16:03 INFO  : Connected to target on host '127.0.0.1' and port '3121'.
22:16:03 INFO  : Jtag cable 'Xilinx TUL 1234-tulA' is selected.
22:16:03 INFO  : 'jtag frequency' command is executed.
22:16:03 INFO  : Context for 'APU' is selected.
22:16:03 INFO  : System reset is completed.
22:16:06 INFO  : 'after 3000' command is executed.
22:16:06 INFO  : Context for 'APU' is selected.
22:16:06 INFO  : Hardware design and registers information is loaded from 'C:/Users/wkk/Desktop/HuaWeiProject/PLCProject/02_zynq7020/ps/zynq7020/export/zynq7020/hw/system_wrapper.xsa'.
22:16:06 INFO  : 'configparams force-mem-access 1' command is executed.
22:16:06 INFO  : Context for 'APU' is selected.
22:16:06 INFO  : Sourcing of 'C:/Users/wkk/Desktop/HuaWeiProject/PLCProject/02_zynq7020/ps/SyncModule/_ide/psinit/ps7_init.tcl' is done.
22:16:06 INFO  : 'ps7_init' command is executed.
22:16:06 INFO  : 'ps7_post_config' command is executed.
22:16:06 INFO  : Context for processor 'ps7_cortexa9_0' is selected.
22:16:06 INFO  : The application 'C:/Users/wkk/Desktop/HuaWeiProject/PLCProject/02_zynq7020/ps/SyncModule/Debug/SyncModule.elf' is downloaded to processor 'ps7_cortexa9_0'.
22:16:06 INFO  : 'configparams force-mem-access 0' command is executed.
22:16:06 INFO  : ----------------XSDB Script----------------
connect -url tcp:127.0.0.1:3121
targets -set -nocase -filter {name =~"APU*"}
rst -system
after 3000
targets -set -nocase -filter {name =~"APU*"}
loadhw -hw C:/Users/wkk/Desktop/HuaWeiProject/PLCProject/02_zynq7020/ps/zynq7020/export/zynq7020/hw/system_wrapper.xsa -mem-ranges [list {0x40000000 0xbfffffff}] -regs
configparams force-mem-access 1
targets -set -nocase -filter {name =~"APU*"}
source C:/Users/wkk/Desktop/HuaWeiProject/PLCProject/02_zynq7020/ps/SyncModule/_ide/psinit/ps7_init.tcl
ps7_init
ps7_post_config
targets -set -nocase -filter {name =~ "*A9*#0"}
dow C:/Users/wkk/Desktop/HuaWeiProject/PLCProject/02_zynq7020/ps/SyncModule/Debug/SyncModule.elf
configparams force-mem-access 0
----------------End of Script----------------

22:16:07 INFO  : Context for processor 'ps7_cortexa9_0' is selected.
22:16:07 INFO  : 'con' command is executed.
22:16:07 INFO  : ----------------XSDB Script (After Launch)----------------
targets -set -nocase -filter {name =~ "*A9*#0"}
con
----------------End of Script----------------

22:16:07 INFO  : Launch script is exported to file 'C:\Users\wkk\Desktop\HuaWeiProject\PLCProject\02_zynq7020\ps\SyncModule_system\_ide\scripts\systemdebugger_syncmodule_system_standalone.tcl'
22:16:34 INFO  : Disconnected from the channel tcfchan#3.
22:16:34 INFO  : Connected to target on host '127.0.0.1' and port '3121'.
22:16:35 INFO  : Jtag cable 'Xilinx TUL 1234-tulA' is selected.
22:16:35 INFO  : 'jtag frequency' command is executed.
22:16:35 INFO  : Context for 'APU' is selected.
22:16:35 INFO  : System reset is completed.
22:16:38 INFO  : 'after 3000' command is executed.
22:16:38 INFO  : Context for 'APU' is selected.
22:16:38 INFO  : Hardware design and registers information is loaded from 'C:/Users/wkk/Desktop/HuaWeiProject/PLCProject/02_zynq7020/ps/zynq7020/export/zynq7020/hw/system_wrapper.xsa'.
22:16:38 INFO  : 'configparams force-mem-access 1' command is executed.
22:16:38 INFO  : Context for 'APU' is selected.
22:16:38 INFO  : Sourcing of 'C:/Users/wkk/Desktop/HuaWeiProject/PLCProject/02_zynq7020/ps/SyncModule/_ide/psinit/ps7_init.tcl' is done.
22:16:38 INFO  : 'ps7_init' command is executed.
22:16:38 INFO  : 'ps7_post_config' command is executed.
22:16:38 INFO  : Context for processor 'ps7_cortexa9_0' is selected.
22:16:38 INFO  : The application 'C:/Users/wkk/Desktop/HuaWeiProject/PLCProject/02_zynq7020/ps/SyncModule/Debug/SyncModule.elf' is downloaded to processor 'ps7_cortexa9_0'.
22:16:38 INFO  : 'configparams force-mem-access 0' command is executed.
22:16:38 INFO  : ----------------XSDB Script----------------
connect -url tcp:127.0.0.1:3121
targets -set -nocase -filter {name =~"APU*"}
rst -system
after 3000
targets -set -nocase -filter {name =~"APU*"}
loadhw -hw C:/Users/wkk/Desktop/HuaWeiProject/PLCProject/02_zynq7020/ps/zynq7020/export/zynq7020/hw/system_wrapper.xsa -mem-ranges [list {0x40000000 0xbfffffff}] -regs
configparams force-mem-access 1
targets -set -nocase -filter {name =~"APU*"}
source C:/Users/wkk/Desktop/HuaWeiProject/PLCProject/02_zynq7020/ps/SyncModule/_ide/psinit/ps7_init.tcl
ps7_init
ps7_post_config
targets -set -nocase -filter {name =~ "*A9*#0"}
dow C:/Users/wkk/Desktop/HuaWeiProject/PLCProject/02_zynq7020/ps/SyncModule/Debug/SyncModule.elf
configparams force-mem-access 0
----------------End of Script----------------

22:16:38 INFO  : Context for processor 'ps7_cortexa9_0' is selected.
22:16:38 INFO  : 'con' command is executed.
22:16:38 INFO  : ----------------XSDB Script (After Launch)----------------
targets -set -nocase -filter {name =~ "*A9*#0"}
con
----------------End of Script----------------

22:16:38 INFO  : Launch script is exported to file 'C:\Users\wkk\Desktop\HuaWeiProject\PLCProject\02_zynq7020\ps\SyncModule_system\_ide\scripts\systemdebugger_syncmodule_system_standalone.tcl'
22:37:43 INFO  : Checking for BSP changes to sync application flags for project 'SyncModule'...
22:37:52 INFO  : Disconnected from the channel tcfchan#4.
22:37:52 INFO  : Connected to target on host '127.0.0.1' and port '3121'.
22:37:52 INFO  : Jtag cable 'Xilinx TUL 1234-tulA' is selected.
22:37:52 INFO  : 'jtag frequency' command is executed.
22:37:52 INFO  : Context for 'APU' is selected.
22:37:52 INFO  : System reset is completed.
22:37:55 INFO  : 'after 3000' command is executed.
22:37:55 INFO  : Context for 'APU' is selected.
22:37:55 INFO  : Hardware design and registers information is loaded from 'C:/Users/wkk/Desktop/HuaWeiProject/PLCProject/02_zynq7020/ps/zynq7020/export/zynq7020/hw/system_wrapper.xsa'.
22:37:55 INFO  : 'configparams force-mem-access 1' command is executed.
22:37:55 INFO  : Context for 'APU' is selected.
22:37:55 INFO  : Sourcing of 'C:/Users/wkk/Desktop/HuaWeiProject/PLCProject/02_zynq7020/ps/SyncModule/_ide/psinit/ps7_init.tcl' is done.
22:37:55 INFO  : 'ps7_init' command is executed.
22:37:55 INFO  : 'ps7_post_config' command is executed.
22:37:55 INFO  : Context for processor 'ps7_cortexa9_0' is selected.
22:37:56 INFO  : The application 'C:/Users/wkk/Desktop/HuaWeiProject/PLCProject/02_zynq7020/ps/SyncModule/Debug/SyncModule.elf' is downloaded to processor 'ps7_cortexa9_0'.
22:37:56 INFO  : 'configparams force-mem-access 0' command is executed.
22:37:56 INFO  : ----------------XSDB Script----------------
connect -url tcp:127.0.0.1:3121
targets -set -nocase -filter {name =~"APU*"}
rst -system
after 3000
targets -set -nocase -filter {name =~"APU*"}
loadhw -hw C:/Users/wkk/Desktop/HuaWeiProject/PLCProject/02_zynq7020/ps/zynq7020/export/zynq7020/hw/system_wrapper.xsa -mem-ranges [list {0x40000000 0xbfffffff}] -regs
configparams force-mem-access 1
targets -set -nocase -filter {name =~"APU*"}
source C:/Users/wkk/Desktop/HuaWeiProject/PLCProject/02_zynq7020/ps/SyncModule/_ide/psinit/ps7_init.tcl
ps7_init
ps7_post_config
targets -set -nocase -filter {name =~ "*A9*#0"}
dow C:/Users/wkk/Desktop/HuaWeiProject/PLCProject/02_zynq7020/ps/SyncModule/Debug/SyncModule.elf
configparams force-mem-access 0
----------------End of Script----------------

22:37:56 INFO  : Context for processor 'ps7_cortexa9_0' is selected.
22:37:56 INFO  : 'con' command is executed.
22:37:56 INFO  : ----------------XSDB Script (After Launch)----------------
targets -set -nocase -filter {name =~ "*A9*#0"}
con
----------------End of Script----------------

22:37:56 INFO  : Launch script is exported to file 'C:\Users\wkk\Desktop\HuaWeiProject\PLCProject\02_zynq7020\ps\SyncModule_system\_ide\scripts\systemdebugger_syncmodule_system_standalone.tcl'
22:41:39 INFO  : Checking for BSP changes to sync application flags for project 'SyncModule'...
22:42:19 INFO  : Checking for BSP changes to sync application flags for project 'SyncModule'...
22:42:28 INFO  : Connected to target on host '127.0.0.1' and port '3121'.
22:42:28 INFO  : Jtag cable 'Xilinx TUL 1234-tulA' is selected.
22:42:28 INFO  : 'jtag frequency' command is executed.
22:42:28 INFO  : Context for 'APU' is selected.
22:42:28 INFO  : System reset is completed.
22:42:31 INFO  : 'after 3000' command is executed.
22:42:31 INFO  : Context for 'APU' is selected.
22:42:31 INFO  : Hardware design and registers information is loaded from 'C:/Users/wkk/Desktop/HuaWeiProject/PLCProject/02_zynq7020/ps/zynq7020/export/zynq7020/hw/system_wrapper.xsa'.
22:42:31 INFO  : 'configparams force-mem-access 1' command is executed.
22:42:31 INFO  : Context for 'APU' is selected.
22:42:31 INFO  : Sourcing of 'C:/Users/wkk/Desktop/HuaWeiProject/PLCProject/02_zynq7020/ps/SyncModule/_ide/psinit/ps7_init.tcl' is done.
22:42:31 INFO  : 'ps7_init' command is executed.
22:42:31 INFO  : 'ps7_post_config' command is executed.
22:42:31 INFO  : Context for processor 'ps7_cortexa9_0' is selected.
22:42:32 INFO  : The application 'C:/Users/wkk/Desktop/HuaWeiProject/PLCProject/02_zynq7020/ps/SyncModule/Debug/SyncModule.elf' is downloaded to processor 'ps7_cortexa9_0'.
22:42:32 INFO  : 'configparams force-mem-access 0' command is executed.
22:42:32 INFO  : ----------------XSDB Script----------------
connect -url tcp:127.0.0.1:3121
targets -set -nocase -filter {name =~"APU*"}
rst -system
after 3000
targets -set -nocase -filter {name =~"APU*"}
loadhw -hw C:/Users/wkk/Desktop/HuaWeiProject/PLCProject/02_zynq7020/ps/zynq7020/export/zynq7020/hw/system_wrapper.xsa -mem-ranges [list {0x40000000 0xbfffffff}] -regs
configparams force-mem-access 1
targets -set -nocase -filter {name =~"APU*"}
source C:/Users/wkk/Desktop/HuaWeiProject/PLCProject/02_zynq7020/ps/SyncModule/_ide/psinit/ps7_init.tcl
ps7_init
ps7_post_config
targets -set -nocase -filter {name =~ "*A9*#0"}
dow C:/Users/wkk/Desktop/HuaWeiProject/PLCProject/02_zynq7020/ps/SyncModule/Debug/SyncModule.elf
configparams force-mem-access 0
----------------End of Script----------------

22:42:32 INFO  : Context for processor 'ps7_cortexa9_0' is selected.
22:42:32 INFO  : 'con' command is executed.
22:42:32 INFO  : ----------------XSDB Script (After Launch)----------------
targets -set -nocase -filter {name =~ "*A9*#0"}
con
----------------End of Script----------------

22:42:32 INFO  : Launch script is exported to file 'C:\Users\wkk\Desktop\HuaWeiProject\PLCProject\02_zynq7020\ps\SyncModule_system\_ide\scripts\debugger_syncmodule-default.tcl'
22:43:28 INFO  : Checking for BSP changes to sync application flags for project 'SyncModule'...
22:43:34 INFO  : Disconnected from the channel tcfchan#6.
22:43:36 INFO  : Connected to target on host '127.0.0.1' and port '3121'.
22:43:36 INFO  : Jtag cable 'Xilinx TUL 1234-tulA' is selected.
22:43:36 INFO  : 'jtag frequency' command is executed.
22:43:36 INFO  : Context for 'APU' is selected.
22:43:36 INFO  : System reset is completed.
22:43:40 INFO  : 'after 3000' command is executed.
22:43:40 INFO  : Context for 'APU' is selected.
22:43:40 INFO  : Hardware design and registers information is loaded from 'C:/Users/wkk/Desktop/HuaWeiProject/PLCProject/02_zynq7020/ps/zynq7020/export/zynq7020/hw/system_wrapper.xsa'.
22:43:40 INFO  : 'configparams force-mem-access 1' command is executed.
22:43:40 INFO  : Context for 'APU' is selected.
22:43:40 INFO  : Sourcing of 'C:/Users/wkk/Desktop/HuaWeiProject/PLCProject/02_zynq7020/ps/SyncModule/_ide/psinit/ps7_init.tcl' is done.
22:43:40 INFO  : 'ps7_init' command is executed.
22:43:40 INFO  : 'ps7_post_config' command is executed.
22:43:40 INFO  : Context for processor 'ps7_cortexa9_0' is selected.
22:43:40 INFO  : The application 'C:/Users/wkk/Desktop/HuaWeiProject/PLCProject/02_zynq7020/ps/SyncModule/Debug/SyncModule.elf' is downloaded to processor 'ps7_cortexa9_0'.
22:43:40 INFO  : 'configparams force-mem-access 0' command is executed.
22:43:40 INFO  : ----------------XSDB Script----------------
connect -url tcp:127.0.0.1:3121
targets -set -nocase -filter {name =~"APU*"}
rst -system
after 3000
targets -set -nocase -filter {name =~"APU*"}
loadhw -hw C:/Users/wkk/Desktop/HuaWeiProject/PLCProject/02_zynq7020/ps/zynq7020/export/zynq7020/hw/system_wrapper.xsa -mem-ranges [list {0x40000000 0xbfffffff}] -regs
configparams force-mem-access 1
targets -set -nocase -filter {name =~"APU*"}
source C:/Users/wkk/Desktop/HuaWeiProject/PLCProject/02_zynq7020/ps/SyncModule/_ide/psinit/ps7_init.tcl
ps7_init
ps7_post_config
targets -set -nocase -filter {name =~ "*A9*#0"}
dow C:/Users/wkk/Desktop/HuaWeiProject/PLCProject/02_zynq7020/ps/SyncModule/Debug/SyncModule.elf
configparams force-mem-access 0
----------------End of Script----------------

22:43:40 INFO  : Context for processor 'ps7_cortexa9_0' is selected.
22:43:40 INFO  : 'con' command is executed.
22:43:40 INFO  : ----------------XSDB Script (After Launch)----------------
targets -set -nocase -filter {name =~ "*A9*#0"}
con
----------------End of Script----------------

22:43:40 INFO  : Launch script is exported to file 'C:\Users\wkk\Desktop\HuaWeiProject\PLCProject\02_zynq7020\ps\SyncModule_system\_ide\scripts\systemdebugger_syncmodule_system_standalone.tcl'
00:14:06 INFO  : Checking for BSP changes to sync application flags for project 'SyncModule'...
00:16:22 INFO  : Checking for BSP changes to sync application flags for project 'SyncModule'...
00:17:47 INFO  : Checking for BSP changes to sync application flags for project 'SyncModule'...
00:27:57 INFO  : Checking for BSP changes to sync application flags for project 'SyncModule'...
00:28:51 INFO  : Result from executing command 'removePlatformRepo': 
00:29:05 INFO  : Result from executing command 'getProjects': zynq7020
00:29:05 INFO  : Result from executing command 'getPlatforms': xilinx_zcu102_base_202210_1|E:/software/Vivado2022.1/Vitis/2022.1/base_platforms/xilinx_zcu102_base_202210_1/xilinx_zcu102_base_202210_1.xpfm;xilinx_zcu102_base_dfx_202210_1|E:/software/Vivado2022.1/Vitis/2022.1/base_platforms/xilinx_zcu102_base_dfx_202210_1/xilinx_zcu102_base_dfx_202210_1.xpfm;xilinx_zcu104_base_202210_1|E:/software/Vivado2022.1/Vitis/2022.1/base_platforms/xilinx_zcu104_base_202210_1/xilinx_zcu104_base_202210_1.xpfm
00:29:05 INFO  : Checking for BSP changes to sync application flags for project 'SyncModule'...
00:29:44 INFO  : Checking for BSP changes to sync application flags for project 'SyncModule'...
00:30:06 INFO  : Checking for BSP changes to sync application flags for project 'SyncModule'...
00:40:23 INFO  : Checking for BSP changes to sync application flags for project 'SyncModule'...
00:40:33 INFO  : Checking for BSP changes to sync application flags for project 'SyncModule'...
00:41:32 INFO  : Checking for BSP changes to sync application flags for project 'SyncModule'...
00:41:57 INFO  : Checking for BSP changes to sync application flags for project 'SyncModule'...
00:42:35 INFO  : Checking for BSP changes to sync application flags for project 'SyncModule'...
00:43:46 INFO  : Checking for BSP changes to sync application flags for project 'SyncModule'...
00:43:58 INFO  : Checking for BSP changes to sync application flags for project 'SyncModule'...
00:44:15 INFO  : Disconnected from the channel tcfchan#9.
00:44:18 INFO  : Connected to target on host '127.0.0.1' and port '3121'.
00:44:18 INFO  : Jtag cable 'Xilinx TUL 1234-tulA' is selected.
00:44:18 INFO  : 'jtag frequency' command is executed.
00:44:18 INFO  : Context for 'APU' is selected.
00:44:18 INFO  : System reset is completed.
00:44:21 INFO  : 'after 3000' command is executed.
00:44:21 INFO  : Context for 'APU' is selected.
00:44:21 INFO  : Hardware design and registers information is loaded from 'C:/Users/wkk/Desktop/HuaWeiProject/PLCProject/02_zynq7020/ps/zynq7020/export/zynq7020/hw/system_wrapper.xsa'.
00:44:21 INFO  : 'configparams force-mem-access 1' command is executed.
00:44:21 INFO  : Context for 'APU' is selected.
00:44:21 INFO  : Sourcing of 'C:/Users/wkk/Desktop/HuaWeiProject/PLCProject/02_zynq7020/ps/SyncModule/_ide/psinit/ps7_init.tcl' is done.
00:44:21 INFO  : 'ps7_init' command is executed.
00:44:21 INFO  : 'ps7_post_config' command is executed.
00:44:21 INFO  : Context for processor 'ps7_cortexa9_0' is selected.
00:44:22 INFO  : The application 'C:/Users/wkk/Desktop/HuaWeiProject/PLCProject/02_zynq7020/ps/SyncModule/Debug/SyncModule.elf' is downloaded to processor 'ps7_cortexa9_0'.
00:44:22 INFO  : 'configparams force-mem-access 0' command is executed.
00:44:22 INFO  : ----------------XSDB Script----------------
connect -url tcp:127.0.0.1:3121
targets -set -nocase -filter {name =~"APU*"}
rst -system
after 3000
targets -set -nocase -filter {name =~"APU*"}
loadhw -hw C:/Users/wkk/Desktop/HuaWeiProject/PLCProject/02_zynq7020/ps/zynq7020/export/zynq7020/hw/system_wrapper.xsa -mem-ranges [list {0x40000000 0xbfffffff}] -regs
configparams force-mem-access 1
targets -set -nocase -filter {name =~"APU*"}
source C:/Users/wkk/Desktop/HuaWeiProject/PLCProject/02_zynq7020/ps/SyncModule/_ide/psinit/ps7_init.tcl
ps7_init
ps7_post_config
targets -set -nocase -filter {name =~ "*A9*#0"}
dow C:/Users/wkk/Desktop/HuaWeiProject/PLCProject/02_zynq7020/ps/SyncModule/Debug/SyncModule.elf
configparams force-mem-access 0
----------------End of Script----------------

00:44:22 INFO  : Context for processor 'ps7_cortexa9_0' is selected.
00:44:22 INFO  : 'con' command is executed.
00:44:22 INFO  : ----------------XSDB Script (After Launch)----------------
targets -set -nocase -filter {name =~ "*A9*#0"}
con
----------------End of Script----------------

00:44:22 INFO  : Launch script is exported to file 'C:\Users\wkk\Desktop\HuaWeiProject\PLCProject\02_zynq7020\ps\SyncModule_system\_ide\scripts\systemdebugger_syncmodule_system_standalone.tcl'
00:45:57 INFO  : Checking for BSP changes to sync application flags for project 'SyncModule'...
00:46:17 INFO  : Disconnected from the channel tcfchan#17.
00:46:18 INFO  : Connected to target on host '127.0.0.1' and port '3121'.
00:46:19 INFO  : Jtag cable 'Xilinx TUL 1234-tulA' is selected.
00:46:19 INFO  : 'jtag frequency' command is executed.
00:46:19 INFO  : Context for 'APU' is selected.
00:46:19 INFO  : System reset is completed.
00:46:22 INFO  : 'after 3000' command is executed.
00:46:22 INFO  : Context for 'APU' is selected.
00:46:22 INFO  : Hardware design and registers information is loaded from 'C:/Users/wkk/Desktop/HuaWeiProject/PLCProject/02_zynq7020/ps/zynq7020/export/zynq7020/hw/system_wrapper.xsa'.
00:46:22 INFO  : 'configparams force-mem-access 1' command is executed.
00:46:22 INFO  : Context for 'APU' is selected.
00:46:22 INFO  : Sourcing of 'C:/Users/wkk/Desktop/HuaWeiProject/PLCProject/02_zynq7020/ps/SyncModule/_ide/psinit/ps7_init.tcl' is done.
00:46:22 INFO  : 'ps7_init' command is executed.
00:46:22 INFO  : 'ps7_post_config' command is executed.
00:46:22 INFO  : Context for processor 'ps7_cortexa9_0' is selected.
00:46:22 INFO  : The application 'C:/Users/wkk/Desktop/HuaWeiProject/PLCProject/02_zynq7020/ps/SyncModule/Debug/SyncModule.elf' is downloaded to processor 'ps7_cortexa9_0'.
00:46:22 INFO  : 'configparams force-mem-access 0' command is executed.
00:46:22 INFO  : ----------------XSDB Script----------------
connect -url tcp:127.0.0.1:3121
targets -set -nocase -filter {name =~"APU*"}
rst -system
after 3000
targets -set -nocase -filter {name =~"APU*"}
loadhw -hw C:/Users/wkk/Desktop/HuaWeiProject/PLCProject/02_zynq7020/ps/zynq7020/export/zynq7020/hw/system_wrapper.xsa -mem-ranges [list {0x40000000 0xbfffffff}] -regs
configparams force-mem-access 1
targets -set -nocase -filter {name =~"APU*"}
source C:/Users/wkk/Desktop/HuaWeiProject/PLCProject/02_zynq7020/ps/SyncModule/_ide/psinit/ps7_init.tcl
ps7_init
ps7_post_config
targets -set -nocase -filter {name =~ "*A9*#0"}
dow C:/Users/wkk/Desktop/HuaWeiProject/PLCProject/02_zynq7020/ps/SyncModule/Debug/SyncModule.elf
configparams force-mem-access 0
----------------End of Script----------------

00:46:22 INFO  : Context for processor 'ps7_cortexa9_0' is selected.
00:46:22 INFO  : 'con' command is executed.
00:46:22 INFO  : ----------------XSDB Script (After Launch)----------------
targets -set -nocase -filter {name =~ "*A9*#0"}
con
----------------End of Script----------------

00:46:22 INFO  : Launch script is exported to file 'C:\Users\wkk\Desktop\HuaWeiProject\PLCProject\02_zynq7020\ps\SyncModule_system\_ide\scripts\systemdebugger_syncmodule_system_standalone.tcl'
00:46:59 INFO  : Checking for BSP changes to sync application flags for project 'SyncModule'...
00:47:23 INFO  : Checking for BSP changes to sync application flags for project 'SyncModule'...
00:47:50 INFO  : Checking for BSP changes to sync application flags for project 'SyncModule'...
00:48:00 INFO  : Disconnected from the channel tcfchan#19.
00:48:02 WARN  : channel "tcfchan#6" closed
00:48:03 INFO  : Connected to target on host '127.0.0.1' and port '3121'.
00:48:03 INFO  : Jtag cable 'Xilinx TUL 1234-tulA' is selected.
00:48:03 INFO  : 'jtag frequency' command is executed.
00:48:05 INFO  : Context for 'APU' is selected.
00:48:05 INFO  : System reset is completed.
00:48:08 INFO  : 'after 3000' command is executed.
00:48:08 INFO  : Context for 'APU' is selected.
00:48:08 INFO  : Hardware design and registers information is loaded from 'C:/Users/wkk/Desktop/HuaWeiProject/PLCProject/02_zynq7020/ps/zynq7020/export/zynq7020/hw/system_wrapper.xsa'.
00:48:08 INFO  : 'configparams force-mem-access 1' command is executed.
00:48:08 INFO  : Context for 'APU' is selected.
00:48:08 INFO  : Sourcing of 'C:/Users/wkk/Desktop/HuaWeiProject/PLCProject/02_zynq7020/ps/SyncModule/_ide/psinit/ps7_init.tcl' is done.
00:48:08 INFO  : 'ps7_init' command is executed.
00:48:08 INFO  : 'ps7_post_config' command is executed.
00:48:08 INFO  : Context for processor 'ps7_cortexa9_0' is selected.
00:48:08 INFO  : The application 'C:/Users/wkk/Desktop/HuaWeiProject/PLCProject/02_zynq7020/ps/SyncModule/Debug/SyncModule.elf' is downloaded to processor 'ps7_cortexa9_0'.
00:48:08 INFO  : 'configparams force-mem-access 0' command is executed.
00:48:08 INFO  : ----------------XSDB Script----------------
connect -url tcp:127.0.0.1:3121
targets -set -nocase -filter {name =~"APU*"}
rst -system
after 3000
targets -set -nocase -filter {name =~"APU*"}
loadhw -hw C:/Users/wkk/Desktop/HuaWeiProject/PLCProject/02_zynq7020/ps/zynq7020/export/zynq7020/hw/system_wrapper.xsa -mem-ranges [list {0x40000000 0xbfffffff}] -regs
configparams force-mem-access 1
targets -set -nocase -filter {name =~"APU*"}
source C:/Users/wkk/Desktop/HuaWeiProject/PLCProject/02_zynq7020/ps/SyncModule/_ide/psinit/ps7_init.tcl
ps7_init
ps7_post_config
targets -set -nocase -filter {name =~ "*A9*#0"}
dow C:/Users/wkk/Desktop/HuaWeiProject/PLCProject/02_zynq7020/ps/SyncModule/Debug/SyncModule.elf
configparams force-mem-access 0
----------------End of Script----------------

00:48:09 INFO  : Context for processor 'ps7_cortexa9_0' is selected.
00:48:09 INFO  : 'con' command is executed.
00:48:09 INFO  : ----------------XSDB Script (After Launch)----------------
targets -set -nocase -filter {name =~ "*A9*#0"}
con
----------------End of Script----------------

00:48:09 INFO  : Launch script is exported to file 'C:\Users\wkk\Desktop\HuaWeiProject\PLCProject\02_zynq7020\ps\SyncModule_system\_ide\scripts\systemdebugger_syncmodule_system_standalone.tcl'
00:48:33 INFO  : Checking for BSP changes to sync application flags for project 'SyncModule'...
00:48:49 INFO  : Disconnected from the channel tcfchan#23.
00:48:49 INFO  : Connected to target on host '127.0.0.1' and port '3121'.
00:48:49 INFO  : Jtag cable 'Xilinx TUL 1234-tulA' is selected.
00:48:49 INFO  : 'jtag frequency' command is executed.
00:48:49 INFO  : Context for 'APU' is selected.
00:48:49 INFO  : System reset is completed.
00:48:52 INFO  : 'after 3000' command is executed.
00:48:52 INFO  : Context for 'APU' is selected.
00:48:52 INFO  : Hardware design and registers information is loaded from 'C:/Users/wkk/Desktop/HuaWeiProject/PLCProject/02_zynq7020/ps/zynq7020/export/zynq7020/hw/system_wrapper.xsa'.
00:48:52 INFO  : 'configparams force-mem-access 1' command is executed.
00:48:52 INFO  : Context for 'APU' is selected.
00:48:52 INFO  : Sourcing of 'C:/Users/wkk/Desktop/HuaWeiProject/PLCProject/02_zynq7020/ps/SyncModule/_ide/psinit/ps7_init.tcl' is done.
00:48:52 INFO  : 'ps7_init' command is executed.
00:48:52 INFO  : 'ps7_post_config' command is executed.
00:48:52 INFO  : Context for processor 'ps7_cortexa9_0' is selected.
00:48:53 INFO  : The application 'C:/Users/wkk/Desktop/HuaWeiProject/PLCProject/02_zynq7020/ps/SyncModule/Debug/SyncModule.elf' is downloaded to processor 'ps7_cortexa9_0'.
00:48:53 INFO  : 'configparams force-mem-access 0' command is executed.
00:48:53 INFO  : ----------------XSDB Script----------------
connect -url tcp:127.0.0.1:3121
targets -set -nocase -filter {name =~"APU*"}
rst -system
after 3000
targets -set -nocase -filter {name =~"APU*"}
loadhw -hw C:/Users/wkk/Desktop/HuaWeiProject/PLCProject/02_zynq7020/ps/zynq7020/export/zynq7020/hw/system_wrapper.xsa -mem-ranges [list {0x40000000 0xbfffffff}] -regs
configparams force-mem-access 1
targets -set -nocase -filter {name =~"APU*"}
source C:/Users/wkk/Desktop/HuaWeiProject/PLCProject/02_zynq7020/ps/SyncModule/_ide/psinit/ps7_init.tcl
ps7_init
ps7_post_config
targets -set -nocase -filter {name =~ "*A9*#0"}
dow C:/Users/wkk/Desktop/HuaWeiProject/PLCProject/02_zynq7020/ps/SyncModule/Debug/SyncModule.elf
configparams force-mem-access 0
----------------End of Script----------------

00:48:53 INFO  : Context for processor 'ps7_cortexa9_0' is selected.
00:48:53 INFO  : 'con' command is executed.
00:48:53 INFO  : ----------------XSDB Script (After Launch)----------------
targets -set -nocase -filter {name =~ "*A9*#0"}
con
----------------End of Script----------------

00:48:53 INFO  : Launch script is exported to file 'C:\Users\wkk\Desktop\HuaWeiProject\PLCProject\02_zynq7020\ps\SyncModule_system\_ide\scripts\systemdebugger_syncmodule_system_standalone.tcl'
00:50:53 INFO  : Result from executing command 'removePlatformRepo': 
00:50:58 INFO  : Disconnected from the channel tcfchan#25.
