22:35:56 **** Clean-only build of project zynq7020 ****
buildplatform.bat 49242 zynq7020 clean 
XSDB Server Channel: tcfchan#7
Cleaning the zynq_fsbl application.
rm -rf  sd.o  nand.o  image_mover.o  md5.o  fsbl_hooks.o  main.o  nor.o  qspi.o  rsa.o  ps7_init.o  pcap.o  fsbl_handoff.o zynq
_fsbl_bsp/ps7_cortexa9_0/lib/libxil.a fsbl.elf *.o

Cleaning the zynq_fsbl application, bsp
make -C ps7_cortexa9_0/libsrc/coresightps_dcc_v1_8/src -s clean 

make -C ps7_cortexa9_0/libsrc/cpu_cortexa9_v2_11/src -s clean 

make -C ps7_cortexa9_0/libsrc/ddrps_v1_2/src -s clean 

make -C ps7_cortexa9_0/libsrc/devcfg_v3_7/src -s clean 

make -C ps7_cortexa9_0/libsrc/dmaps_v2_8/src -s clean 

make -C ps7_cortexa9_0/libsrc/scugic_v4_7/src -s clean 

make -C ps7_cortexa9_0/libsrc/scutimer_v2_4/src -s clean 

make -C ps7_cortexa9_0/libsrc/scuwdt_v2_4/src -s clean 

make -C ps7_cortexa9_0/libsrc/standalone_v7_7/src -s clean 

make -C ps7_cortexa9_0/libsrc/uartps_v3_11/src -s clean 

make -C ps7_cortexa9_0/libsrc/xadcps_v2_6/src -s clean 

make -C ps7_cortexa9_0/libsrc/xilffs_v4_7/src -s clean 

make -C ps7_cortexa9_0/libsrc/xilrsa_v1_6/src -s clean 

rm -f ps7_cortexa9_0/lib/libxil.a

Cleaning the BSP for domain  - standalone_domain
make -C ps7_cortexa9_0/libsrc/coresightps_dcc_v1_8/src -s clean 

make -C ps7_cortexa9_0/libsrc/cpu_cortexa9_v2_11/src -s clean 

make -C ps7_cortexa9_0/libsrc/ddrps_v1_2/src -s clean 

make -C ps7_cortexa9_0/libsrc/devcfg_v3_7/src -s clean 

make -C ps7_cortexa9_0/libsrc/dmaps_v2_8/src -s clean 

make -C ps7_cortexa9_0/libsrc/scugic_v4_7/src -s clean 

make -C ps7_cortexa9_0/libsrc/scutimer_v2_4/src -s clean 

make -C ps7_cortexa9_0/libsrc/scuwdt_v2_4/src -s clean 

make -C ps7_cortexa9_0/libsrc/standalone_v7_7/src -s clean 

make -C ps7_cortexa9_0/libsrc/uartps_v3_11/src -s clean 

make -C ps7_cortexa9_0/libsrc/xadcps_v2_6/src -s clean 

rm -f ps7_cortexa9_0/lib/libxil.a

22:35:59 **** Clean-only build of configuration Debug for project SyncModule ****
make clean 
rm -rf  ./src/frame_sync.o ./src/main.o ./src/platform.o ./src/private_timer_init.o ./src/simulated_data.o ./src/symbol_sync.o  ./src/frame_sync.d ./src/main.d ./src/platform.d ./src/private_timer_init.d ./src/simulated_data.d ./src/symbol_sync.d  SyncModule.elf.size  SyncModule.elf
' '
22:35:59 **** Clean-only build of configuration Debug for project SyncModule_system ****
make clean 
rm -rf ./_sds
rm -rf package
rm -f system.bif
